[debug] [2023-06-25T12:14:01.000Z] ----------------------------------------------------------------------
[debug] [2023-06-25T12:14:01.002Z] Command:       C:\Program Files\nodejs\node.exe C:\Users\91953\AppData\Roaming\npm\node_modules\firebase-tools\lib\bin\firebase.js init
[debug] [2023-06-25T12:14:01.002Z] CLI Version:   12.3.1
[debug] [2023-06-25T12:14:01.003Z] Platform:      win32
[debug] [2023-06-25T12:14:01.003Z] Node Version:  v18.16.0
[debug] [2023-06-25T12:14:01.008Z] Time:          Sun Jun 25 2023 17:44:01 GMT+0530 (India Standard Time)
[debug] [2023-06-25T12:14:01.008Z] ----------------------------------------------------------------------
[debug] 
[debug] [2023-06-25T12:14:01.013Z] >>> [apiv2][query] GET https://firebase-public.firebaseio.com/cli.json [none]
[debug] [2023-06-25T12:14:01.144Z] > command requires scopes: ["email","openid","https://www.googleapis.com/auth/cloudplatformprojects.readonly","https://www.googleapis.com/auth/firebase","https://www.googleapis.com/auth/cloud-platform"]
[debug] [2023-06-25T12:14:01.145Z] > authorizing via signed-in user (mdbosirullah@gmail.com)
[info] 
     ######## #### ########  ######## ########     ###     ######  ########
     ##        ##  ##     ## ##       ##     ##  ##   ##  ##       ##
     ######    ##  ########  ######   ########  #########  ######  ######
     ##        ##  ##    ##  ##       ##     ## ##     ##       ## ##
     ##       #### ##     ## ######## ########  ##     ##  ######  ########

You're about to initialize a Firebase project in this directory:

  D:\socialshots

Before we get started, keep in mind:

  * You are initializing within an existing Firebase project directory

[debug] [2023-06-25T12:14:01.751Z] <<< [apiv2][status] GET https://firebase-public.firebaseio.com/cli.json 200
[debug] [2023-06-25T12:14:01.752Z] <<< [apiv2][body] GET https://firebase-public.firebaseio.com/cli.json {"cloudBuildErrorAfter":1594252800000,"cloudBuildWarnAfter":1590019200000,"defaultNode10After":1594252800000,"minVersion":"3.0.5","node8DeploysDisabledAfter":1613390400000,"node8RuntimeDisabledAfter":1615809600000,"node8WarnAfter":1600128000000}
[info] 
=== Project Setup
[info] 
[info] First, let's associate this project directory with a Firebase project.
[info] You can create multiple project aliases by running firebase use --add, 
[info] but for now we'll just set up a default project.
[info] 
[debug] [2023-06-25T12:15:13.382Z] Using project from CLI flag: social-shots-9f1a6
[debug] [2023-06-25T12:15:13.383Z] > refreshing access token with scopes: []
[debug] [2023-06-25T12:15:13.384Z] >>> [apiv2][query] POST https://www.googleapis.com/oauth2/v3/token [none]
[debug] [2023-06-25T12:15:13.384Z] >>> [apiv2][body] POST https://www.googleapis.com/oauth2/v3/token [omitted]
[debug] [2023-06-25T12:15:13.677Z] <<< [apiv2][status] POST https://www.googleapis.com/oauth2/v3/token 200
[debug] [2023-06-25T12:15:13.677Z] <<< [apiv2][body] POST https://www.googleapis.com/oauth2/v3/token [omitted]
[debug] [2023-06-25T12:15:13.685Z] >>> [apiv2][query] GET https://firebase.googleapis.com/v1beta1/projects/social-shots-9f1a6 [none]
[debug] [2023-06-25T12:15:14.541Z] <<< [apiv2][status] GET https://firebase.googleapis.com/v1beta1/projects/social-shots-9f1a6 200
[debug] [2023-06-25T12:15:14.541Z] <<< [apiv2][body] GET https://firebase.googleapis.com/v1beta1/projects/social-shots-9f1a6 {"projectId":"social-shots-9f1a6","projectNumber":"407778492450","displayName":"social-shots","name":"projects/social-shots-9f1a6","resources":{"hostingSite":"social-shots-9f1a6","realtimeDatabaseInstance":"social-shots-9f1a6-default-rtdb","storageBucket":"social-shots-9f1a6.appspot.com","locationId":"asia-south1"},"state":"ACTIVE","etag":"1_f89fc49d-c6bf-4ce3-8cbd-d750b6c1a7be"}
[info] i  Using project social-shots-9f1a6 (social-shots) 
[info] 
=== Hosting Setup
[info] 
[info] Your public directory is the folder (relative to your project directory) that
[info] will contain Hosting assets to be uploaded with firebase deploy. If you
[info] have a build process for your assets, use your build's output directory.
[info] 
[info] +  Wrote build/404.html 
[debug] [2023-06-25T12:16:59.372Z] >>> [apiv2][query] GET https://www.gstatic.com/firebasejs/releases.json [none]
[debug] [2023-06-25T12:16:59.567Z] <<< [apiv2][status] GET https://www.gstatic.com/firebasejs/releases.json 200
[debug] [2023-06-25T12:16:59.567Z] <<< [apiv2][body] GET https://www.gstatic.com/firebasejs/releases.json {"current":{"version":"9.23.0","browserURL":"https://www.gstatic.com/firebasejs/9.23.0/firebase.js","packageURL":"https://www.gstatic.com/firebasejs/9.23.0/firebase.tgz"},"live":{"version":"9.23","browserURL":"https://www.gstatic.com/firebasejs/live/9.23/firebase.js","packageURL":"https://www.gstatic.com/firebasejs/live/9.23/firebase.tgz"},"components":{"analytics":"https://www.gstatic.com/firebasejs/9.23.0/firebase-analytics.js","app":"https://www.gstatic.com/firebasejs/9.23.0/firebase-app.js","app-check":"https://www.gstatic.com/firebasejs/9.23.0/firebase-app-check.js","auth":"https://www.gstatic.com/firebasejs/9.23.0/firebase-auth.js","auth/cordova":"https://www.gstatic.com/firebasejs/9.23.0/firebase-auth/cordova.js","auth/react-native":"https://www.gstatic.com/firebasejs/9.23.0/firebase-auth/react-native.js","functions":"https://www.gstatic.com/firebasejs/9.23.0/firebase-functions.js","firestore":"https://www.gstatic.com/firebasejs/9.23.0/firebase-firestore.js","firestore/lite":"https://www.gstatic.com/firebasejs/9.23.0/firebase-firestore/lite.js","installations":"https://www.gstatic.com/firebasejs/9.23.0/firebase-installations.js","storage":"https://www.gstatic.com/firebasejs/9.23.0/firebase-storage.js","performance":"https://www.gstatic.com/firebasejs/9.23.0/firebase-performance.js","remote-config":"https://www.gstatic.com/firebasejs/9.23.0/firebase-remote-config.js","messaging":"https://www.gstatic.com/firebasejs/9.23.0/firebase-messaging.js","messaging/sw":"https://www.gstatic.com/firebasejs/9.23.0/firebase-messaging/sw.js","database":"https://www.gstatic.com/firebasejs/9.23.0/firebase-database.js","firestore.memory":"https://www.gstatic.com/firebasejs/9.23.0/firebase-firestore.memory.js"}}
[info] +  Wrote build/index.html 
[info] 
[info] i  Detected a .git folder at D:\socialshots 
[info] i  Authorizing with GitHub to upload your service account to a GitHub repository's secrets store. 
[info] 
[info] Visit this URL on this device to log in:
[info] https://github.com/login/oauth/authorize?client_id=89cf50f02ac6aaed3484&state=213824783&redirect_uri=http%3A%2F%2Flocalhost%3A9005&scope=read%3Auser%20repo%20public_repo
[info] 
[info] Waiting for authentication...
[debug] [2023-06-25T12:17:04.272Z] >>> [apiv2][query] POST https://github.com/login/oauth/access_token [none]
[debug] [2023-06-25T12:17:04.273Z] >>> [apiv2][body] POST https://github.com/login/oauth/access_token [stream]
[debug] [2023-06-25T12:17:04.781Z] <<< [apiv2][status] POST https://github.com/login/oauth/access_token 200
[debug] [2023-06-25T12:17:04.781Z] <<< [apiv2][body] POST https://github.com/login/oauth/access_token {"access_token":"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","token_type":"bearer","scope":"read:user,repo"}
[debug] [2023-06-25T12:17:04.792Z] >>> [apiv2][query] GET https://api.github.com/user [none]
[debug] [2023-06-25T12:17:05.459Z] <<< [apiv2][status] GET https://api.github.com/user 200
[debug] [2023-06-25T12:17:05.459Z] <<< [apiv2][body] GET https://api.github.com/user {"login":"bosirullah","id":80116157,"node_id":"MDQ6VXNlcjgwMTE2MTU3","avatar_url":"https://avatars.githubusercontent.com/u/80116157?v=4","gravatar_id":"","url":"https://api.github.com/users/bosirullah","html_url":"https://github.com/bosirullah","followers_url":"https://api.github.com/users/bosirullah/followers","following_url":"https://api.github.com/users/bosirullah/following{/other_user}","gists_url":"https://api.github.com/users/bosirullah/gists{/gist_id}","starred_url":"https://api.github.com/users/bosirullah/starred{/owner}{/repo}","subscriptions_url":"https://api.github.com/users/bosirullah/subscriptions","organizations_url":"https://api.github.com/users/bosirullah/orgs","repos_url":"https://api.github.com/users/bosirullah/repos","events_url":"https://api.github.com/users/bosirullah/events{/privacy}","received_events_url":"https://api.github.com/users/bosirullah/received_events","type":"User","site_admin":false,"name":"Md_Bosir","company":null,"blog":"","location":null,"email":null,"hireable":null,"bio":null,"twitter_username":null,"public_repos":21,"public_gists":0,"followers":0,"following":3,"created_at":"2021-03-05T15:46:01Z","updated_at":"2023-06-20T08:26:41Z","private_gists":0,"total_private_repos":0,"owned_private_repos":0,"disk_usage":91056,"collaborators":0,"two_factor_authentication":false,"plan":{"name":"free","space":976562499,"collaborators":0,"private_repos":10000}}
[info] 
[info] +  Success! Logged into GitHub as bosirullah 
[info] 
[debug] [2023-06-25T12:23:20.115Z] >>> [apiv2][query] GET https://api.github.com/repos/https://github.com/bosirullah/socialshots-web-app.git/actions/secrets/public-key type=owner
[debug] [2023-06-25T12:23:20.530Z] <<< [apiv2][status] GET https://api.github.com/repos/https://github.com/bosirullah/socialshots-web-app.git/actions/secrets/public-key 404
[debug] [2023-06-25T12:23:20.530Z] <<< [apiv2][body] GET https://api.github.com/repos/https://github.com/bosirullah/socialshots-web-app.git/actions/secrets/public-key {"message":"Not Found","documentation_url":"https://docs.github.com/rest"}
[info] 
[info] 
[error] !  The provided authorization cannot be used with this repository. If this repository is in an organization, did you remember to grant access? 
[info] 
[info] i  Action required: Visit this URL to ensure access has been granted to the appropriate organization(s) for the Firebase CLI GitHub OAuth App: 
[info] https://github.com/settings/connections/applications/89cf50f02ac6aaed3484
[info] 
[debug] [2023-06-25T12:23:45.147Z] >>> [apiv2][query] GET https://api.github.com/repos/https://github.com/bosirullah/socialshots-web-app/actions/secrets/public-key type=owner
[debug] [2023-06-25T12:23:45.633Z] <<< [apiv2][status] GET https://api.github.com/repos/https://github.com/bosirullah/socialshots-web-app/actions/secrets/public-key 404
[debug] [2023-06-25T12:23:45.633Z] <<< [apiv2][body] GET https://api.github.com/repos/https://github.com/bosirullah/socialshots-web-app/actions/secrets/public-key {"message":"Not Found","documentation_url":"https://docs.github.com/rest"}
[info] 
[info] 
[error] !  The provided authorization cannot be used with this repository. If this repository is in an organization, did you remember to grant access? 
[info] 
[info] i  Action required: Visit this URL to ensure access has been granted to the appropriate organization(s) for the Firebase CLI GitHub OAuth App: 
[info] https://github.com/settings/connections/applications/89cf50f02ac6aaed3484
[info] 
